<?xml version="1.0" encoding="UTF-8"?>
<!-- Generated by org.testng.reporters.JUnitXMLReporter -->
<testsuite ignored="1" hostname="LTIN620508" failures="0" tests="5" name="Pepperfry Functional Tests - Chrome Browser" time="30.471" errors="0" timestamp="2025-06-15T18:18:29 IST">
  <testcase classname="com.pepperfry.base.BaseTest" name="@AfterClass tearDown" time="0.023">
    <failure type="org.openqa.selenium.WebDriverException" message="java.io.IOException: Output closed
Build info: version: &amp;apos;4.33.0&amp;apos;, revision: &amp;apos;2c6aaad03a&amp;apos;
System info: os.name: &amp;apos;Windows 11&amp;apos;, os.arch: &amp;apos;amd64&amp;apos;, os.version: &amp;apos;10.0&amp;apos;, java.version: &amp;apos;21.0.5&amp;apos;
Driver info: driver.version: ChromiumDriver">
      <![CDATA[org.openqa.selenium.WebDriverException: java.io.IOException: Output closed
Build info: version: '4.33.0', revision: '2c6aaad03a'
System info: os.name: 'Windows 11', os.arch: 'amd64', os.version: '10.0', java.version: '21.0.5'
Driver info: driver.version: ChromiumDriver
at org.openqa.selenium.remote.http.jdk.JdkHttpClient$4.send(JdkHttpClient.java:325)
at org.openqa.selenium.remote.http.jdk.JdkHttpClient$4.close(JdkHttpClient.java:344)
at org.openqa.selenium.devtools.Connection.close(Connection.java:226)
at org.openqa.selenium.devtools.DevTools.close(DevTools.java:61)
at java.base/java.util.Optional.ifPresent(Optional.java:178)
at org.openqa.selenium.remote.RemoteWebDriver.quit(RemoteWebDriver.java:438)
at org.openqa.selenium.chromium.ChromiumDriver.quit(ChromiumDriver.java:442)
at com.pepperfry.base.DriverFactory.quitDriver(DriverFactory.java:33)
at com.pepperfry.base.BaseTest.tearDown(BaseTest.java:28)
at java.base/java.util.ArrayList.forEach(ArrayList.java:1596)
at java.base/java.util.concurrent.FutureTask.run(FutureTask.java:317)
at java.base/java.util.concurrent.ThreadPoolExecutor.runWorker(ThreadPoolExecutor.java:1144)
at java.base/java.util.concurrent.ThreadPoolExecutor$Worker.run(ThreadPoolExecutor.java:642)
at java.base/java.lang.Thread.run(Thread.java:1583)
Caused by: java.io.IOException: Output closed
at java.net.http/jdk.internal.net.http.websocket.WebSocketImpl.sendClose(WebSocketImpl.java:313)
at org.openqa.selenium.remote.http.jdk.JdkHttpClient$4.lambda$send$2(JdkHttpClient.java:290)
at org.openqa.selenium.remote.http.jdk.JdkHttpClient$4.send(JdkHttpClient.java:315)
... 27 more
... Removed 14 stack frames]]>
    </failure>
  </testcase> <!-- @AfterClass tearDown -->
  <testcase classname="com.pepperfry.pom_testing.TestRunner" name="validateTitle" time="0.805"/>
  <testcase classname="com.pepperfry.pom_testing.TestRunner" name="navigateToSetteesAndBenches" time="2.119"/>
  <testcase classname="com.pepperfry.pom_testing.TestRunner" name="displayFurnitureTypes" time="2.237"/>
  <testcase classname="com.pepperfry.pom_testing.TestRunner" name="filterByMetalBenches" time="4.41"/>
  <testcase classname="com.pepperfry.pom_testing.TestRunner" name="validateMetalBenches" time="5.398"/>
  <testcase classname="com.pepperfry.pom_testing.TestRunner" name="compareBenchAndMetalBenchCount" time="0.0">
    <ignored/>
  </testcase> <!-- compareBenchAndMetalBenchCount -->
</testsuite> <!-- Pepperfry Functional Tests - Chrome Browser -->
