<?xml version="1.0" encoding="UTF-8"?>
<!-- Generated by org.testng.reporters.JUnitXMLReporter -->
<testsuite ignored="1" hostname="LTIN620508" failures="1" tests="5" name="Pepperfry Functional Tests" time="19.874" errors="0" timestamp="2025-06-13T11:43:37 IST">
  <testcase classname="com.pepperfry.pom_testing.TestRunner" name="validateTitle" time="1.67"/>
  <testcase classname="com.pepperfry.pom_testing.TestRunner" name="navigateToSetteesAndBenches" time="1.002">
    <failure type="java.lang.AssertionError" message="Navigation failed! expected [true] but found [false]">
      <![CDATA[java.lang.AssertionError: Navigation failed! expected [true] but found [false]
at com.pepperfry.pom_testing.TestRunner.navigateToSetteesAndBenches(TestRunner.java:128)
at java.base/java.util.ArrayList.forEach(ArrayList.java:1596)
... Removed 28 stack frames]]>
    </failure>
  </testcase> <!-- navigateToSetteesAndBenches -->
  <testcase classname="com.pepperfry.pom_testing.TestRunner" name="displayFurnitureTypes" time="0.825"/>
  <testcase classname="com.pepperfry.pom_testing.TestRunner" name="filterByMetalBenches" time="1.409"/>
  <testcase classname="com.pepperfry.pom_testing.TestRunner" name="validateMetalBenches" time="2.367"/>
  <testcase classname="com.pepperfry.pom_testing.TestRunner" name="compareBenchAndMetalBenchCount" time="0.0">
    <ignored/>
  </testcase> <!-- compareBenchAndMetalBenchCount -->
</testsuite> <!-- Pepperfry Functional Tests -->
