<!DOCTYPE html PUBLIC "-//W3C//DTD XHTML 1.1//EN" "https://www.w3.org/TR/xhtml11/DTD/xhtml11.dtd">
<html xmlns="https://www.w3.org/1999/xhtml">
<head>
<meta http-equiv="content-type" content="text/html; charset=UTF-8"/>
<title>TestNG Report</title>
<style type="text/css">table {margin-bottom:10px;border-collapse:collapse;empty-cells:show}th,td {border:1px solid #009;padding:.25em .5em}th {vertical-align:bottom}td {vertical-align:top}table a {font-weight:bold}.stripe td {background-color: #E6EBF9}.num {text-align:right}.passedodd td {background-color: #3F3}.passedeven td {background-color: #0A0}.skippedodd td {background-color: #DDD}.skippedeven td {background-color: #CCC}.failedodd td,.attn {background-color: #F33}.failedeven td,.stripe .attn {background-color: #D00}.stacktrace {white-space:pre;font-family:monospace}.totop {font-size:85%;text-align:center;border-bottom:2px solid #000}.invisible {display:none}</style>
</head>
<body>
<table>
<tr><th>Test</th><th># Passed</th><th># Skipped</th><th># Retried</th><th># Failed</th><th>Time (ms)</th><th>Included Groups</th><th>Excluded Groups</th></tr>
<tr><th colspan="8">Pepperfry Test Suite</th></tr>
<tr><td><a href="#t0">Pepperfry Functional Tests - Chrome Browser</a></td><td class="num">5</td><td class="num">0</td><td class="num">0</td><td class="num">0</td><td class="num">30,471</td><td></td><td></td></tr>
<tr class="stripe"><td><a href="#t1">Pepperfry Functional Tests - Edge Browser</a></td><td class="num">5</td><td class="num">0</td><td class="num">0</td><td class="num">0</td><td class="num">36,907</td><td></td><td></td></tr>
<tr><th>Total</th><th class="num">10</th><th class="num">0</th><th class="num">0</th><th class="num">0</th><th class="num">67,378</th><th colspan="2"></th></tr>
</table>
<table id='summary'><thead><tr><th>Class</th><th>Method</th><th>Start</th><th>Time (ms)</th></tr></thead><tbody><tr><th colspan="4">Pepperfry Test Suite</th></tr></tbody><tbody id="t0"><tr><th colspan="4">Pepperfry Functional Tests - Chrome Browser &#8212; failed (configuration methods)</th></tr><tr class="failedeven"><td rowspan="1">com.pepperfry.pom_testing.TestRunner</td><td><a href="#m0">tearDown</a></td><td rowspan="1">1749991709259</td><td rowspan="1">23</td></tr><tr><th colspan="4">Pepperfry Functional Tests - Chrome Browser &#8212; passed</th></tr><tr class="passedeven"><td rowspan="5">com.pepperfry.pom_testing.TestRunner</td><td><a href="#m1">displayFurnitureTypes</a></td><td rowspan="1">1749991697192</td><td rowspan="1">2237</td></tr><tr class="passedeven"><td><a href="#m2">filterByMetalBenches</a></td><td rowspan="1">1749991699442</td><td rowspan="1">4410</td></tr><tr class="passedeven"><td><a href="#m3">navigateToSetteesAndBenches</a></td><td rowspan="1">1749991695066</td><td rowspan="1">2119</td></tr><tr class="passedeven"><td><a href="#m4">validateMetalBenches</a></td><td rowspan="1">1749991703859</td><td rowspan="1">5398</td></tr><tr class="passedeven"><td><a href="#m5">validateTitle</a></td><td rowspan="1">1749991694244</td><td rowspan="1">805</td></tr></tbody>
<tbody id="t1"><tr><th colspan="4">Pepperfry Functional Tests - Edge Browser &#8212; failed (configuration methods)</th></tr><tr class="failedeven"><td rowspan="1">com.pepperfry.pom_testing.TestRunner</td><td><a href="#m6">tearDown</a></td><td rowspan="1">1749991709258</td><td rowspan="1">6475</td></tr><tr><th colspan="4">Pepperfry Functional Tests - Edge Browser &#8212; passed</th></tr><tr class="passedeven"><td rowspan="5">com.pepperfry.pom_testing.TestRunner</td><td><a href="#m7">displayFurnitureTypes</a></td><td rowspan="1">1749991700357</td><td rowspan="1">1906</td></tr><tr class="passedeven"><td><a href="#m8">filterByMetalBenches</a></td><td rowspan="1">1749991702270</td><td rowspan="1">3499</td></tr><tr class="passedeven"><td><a href="#m9">navigateToSetteesAndBenches</a></td><td rowspan="1">1749991698532</td><td rowspan="1">1817</td></tr><tr class="passedeven"><td><a href="#m10">validateMetalBenches</a></td><td rowspan="1">1749991705774</td><td rowspan="1">3481</td></tr><tr class="passedeven"><td><a href="#m11">validateTitle</a></td><td rowspan="1">1749991697897</td><td rowspan="1">628</td></tr></tbody>
</table>
<h2>Pepperfry Functional Tests - Chrome Browser</h2><h3 id="m0">com.pepperfry.pom_testing.TestRunner#tearDown</h3><table class="result"><tr><th>Exception</th></tr><tr><td><div class="stacktrace">org.openqa.selenium.WebDriverException: java.io.IOException: Output closed
Build info: version: &apos;4.33.0&apos;, revision: &apos;2c6aaad03a&apos;
System info: os.name: &apos;Windows 11&apos;, os.arch: &apos;amd64&apos;, os.version: &apos;10.0&apos;, java.version: &apos;21.0.5&apos;
Driver info: driver.version: ChromiumDriver
	at org.openqa.selenium.remote.http.jdk.JdkHttpClient$4.send(JdkHttpClient.java:325)
	at org.openqa.selenium.remote.http.jdk.JdkHttpClient$4.close(JdkHttpClient.java:344)
	at org.openqa.selenium.devtools.Connection.close(Connection.java:226)
	at org.openqa.selenium.devtools.DevTools.close(DevTools.java:61)
	at java.base/java.util.Optional.ifPresent(Optional.java:178)
	at org.openqa.selenium.remote.RemoteWebDriver.quit(RemoteWebDriver.java:438)
	at org.openqa.selenium.chromium.ChromiumDriver.quit(ChromiumDriver.java:442)
	at com.pepperfry.base.DriverFactory.quitDriver(DriverFactory.java:33)
	at com.pepperfry.base.BaseTest.tearDown(BaseTest.java:28)
	at java.base/java.util.ArrayList.forEach(ArrayList.java:1596)
	at java.base/java.util.concurrent.FutureTask.run(FutureTask.java:317)
	at java.base/java.util.concurrent.ThreadPoolExecutor.runWorker(ThreadPoolExecutor.java:1144)
	at java.base/java.util.concurrent.ThreadPoolExecutor$Worker.run(ThreadPoolExecutor.java:642)
	at java.base/java.lang.Thread.run(Thread.java:1583)
Caused by: java.io.IOException: Output closed
	at java.net.http/jdk.internal.net.http.websocket.WebSocketImpl.sendClose(WebSocketImpl.java:313)
	at org.openqa.selenium.remote.http.jdk.JdkHttpClient$4.lambda$send$2(JdkHttpClient.java:290)
	at org.openqa.selenium.remote.http.jdk.JdkHttpClient$4.send(JdkHttpClient.java:315)
	... 27 more
... Removed 14 stack frames</div></td></tr></table><p class="totop"><a href="#summary">back to summary</a></p>
<h3 id="m1">com.pepperfry.pom_testing.TestRunner#displayFurnitureTypes</h3><table class="result"><tr><th class="invisible"/></tr></table><p class="totop"><a href="#summary">back to summary</a></p>
<h3 id="m2">com.pepperfry.pom_testing.TestRunner#filterByMetalBenches</h3><table class="result"><tr><th class="invisible"/></tr></table><p class="totop"><a href="#summary">back to summary</a></p>
<h3 id="m3">com.pepperfry.pom_testing.TestRunner#navigateToSetteesAndBenches</h3><table class="result"><tr><th class="invisible"/></tr></table><p class="totop"><a href="#summary">back to summary</a></p>
<h3 id="m4">com.pepperfry.pom_testing.TestRunner#validateMetalBenches</h3><table class="result"><tr><th class="invisible"/></tr></table><p class="totop"><a href="#summary">back to summary</a></p>
<h3 id="m5">com.pepperfry.pom_testing.TestRunner#validateTitle</h3><table class="result"><tr><th class="invisible"/></tr></table><p class="totop"><a href="#summary">back to summary</a></p>
<h2>Pepperfry Functional Tests - Edge Browser</h2><h3 id="m6">com.pepperfry.pom_testing.TestRunner#tearDown</h3><table class="result"><tr><th>Exception</th></tr><tr><td><div class="stacktrace">java.lang.NullPointerException: Cannot invoke &quot;java.lang.Integer.intValue()&quot; because the return value of &quot;org.openqa.selenium.remote.Response.getStatus()&quot; is null
	at org.openqa.selenium.remote.ErrorHandler.throwIfResponseFailed(ErrorHandler.java:99)
	at org.openqa.selenium.remote.RemoteWebDriver.execute(RemoteWebDriver.java:597)
	at org.openqa.selenium.remote.RemoteWebDriver.execute(RemoteWebDriver.java:617)
	at org.openqa.selenium.remote.RemoteWebDriver.execute(RemoteWebDriver.java:621)
	at org.openqa.selenium.remote.RemoteWebDriver.quit(RemoteWebDriver.java:445)
	at org.openqa.selenium.chromium.ChromiumDriver.quit(ChromiumDriver.java:442)
	at com.pepperfry.base.DriverFactory.quitDriver(DriverFactory.java:33)
	at com.pepperfry.base.BaseTest.tearDown(BaseTest.java:28)
	at java.base/java.util.ArrayList.forEach(ArrayList.java:1596)
	at java.base/java.util.concurrent.FutureTask.run(FutureTask.java:317)
	at java.base/java.util.concurrent.ThreadPoolExecutor.runWorker(ThreadPoolExecutor.java:1144)
	at java.base/java.util.concurrent.ThreadPoolExecutor$Worker.run(ThreadPoolExecutor.java:642)
	at java.base/java.lang.Thread.run(Thread.java:1583)
... Removed 14 stack frames</div></td></tr></table><p class="totop"><a href="#summary">back to summary</a></p>
<h3 id="m7">com.pepperfry.pom_testing.TestRunner#displayFurnitureTypes</h3><table class="result"><tr><th class="invisible"/></tr></table><p class="totop"><a href="#summary">back to summary</a></p>
<h3 id="m8">com.pepperfry.pom_testing.TestRunner#filterByMetalBenches</h3><table class="result"><tr><th class="invisible"/></tr></table><p class="totop"><a href="#summary">back to summary</a></p>
<h3 id="m9">com.pepperfry.pom_testing.TestRunner#navigateToSetteesAndBenches</h3><table class="result"><tr><th class="invisible"/></tr></table><p class="totop"><a href="#summary">back to summary</a></p>
<h3 id="m10">com.pepperfry.pom_testing.TestRunner#validateMetalBenches</h3><table class="result"><tr><th class="invisible"/></tr></table><p class="totop"><a href="#summary">back to summary</a></p>
<h3 id="m11">com.pepperfry.pom_testing.TestRunner#validateTitle</h3><table class="result"><tr><th class="invisible"/></tr></table><p class="totop"><a href="#summary">back to summary</a></p>
</body>
</html>
