<?xml version="1.0" encoding="UTF-8"?>
<testng-results ignored="2" total="12" passed="10" failed="0" skipped="0">
  <reporter-output>
  </reporter-output>
  <suite started-at="2025-06-15T18:17:58 IST" name="Pepperfry Test Suite" finished-at="2025-06-15T18:18:35 IST" duration-ms="36907">
    <groups>
    </groups>
    <test started-at="2025-06-15T18:17:58 IST" name="Pepperfry Functional Tests - Chrome Browser" finished-at="2025-06-15T18:18:29 IST" duration-ms="30471">
      <class name="com.pepperfry.pom_testing.TestRunner">
        <test-method is-config="true" signature="setUp(java.lang.String)[pri:0, instance:com.pepperfry.pom_testing.TestRunner@3cd3e762]" started-at="2025-06-15T18:17:58 IST" name="setUp" finished-at="2025-06-15T18:18:14 IST" duration-ms="15339" status="PASS">
          <params>
            <param index="0">
              <value>
                <![CDATA[chrome]]>
              </value>
            </param>
          </params>
          <reporter-output>
          </reporter-output>
        </test-method> <!-- setUp -->
        <test-method signature="validateTitle()[pri:1, instance:com.pepperfry.pom_testing.TestRunner@3cd3e762]" started-at="2025-06-15T18:18:14 IST" name="validateTitle" finished-at="2025-06-15T18:18:15 IST" duration-ms="805" status="PASS">
          <reporter-output>
          </reporter-output>
        </test-method> <!-- validateTitle -->
        <test-method signature="navigateToSetteesAndBenches()[pri:2, instance:com.pepperfry.pom_testing.TestRunner@3cd3e762]" started-at="2025-06-15T18:18:15 IST" name="navigateToSetteesAndBenches" finished-at="2025-06-15T18:18:17 IST" duration-ms="2119" status="PASS">
          <reporter-output>
          </reporter-output>
        </test-method> <!-- navigateToSetteesAndBenches -->
        <test-method signature="displayFurnitureTypes()[pri:3, instance:com.pepperfry.pom_testing.TestRunner@3cd3e762]" started-at="2025-06-15T18:18:17 IST" name="displayFurnitureTypes" finished-at="2025-06-15T18:18:19 IST" duration-ms="2237" status="PASS">
          <reporter-output>
          </reporter-output>
        </test-method> <!-- displayFurnitureTypes -->
        <test-method signature="filterByMetalBenches()[pri:4, instance:com.pepperfry.pom_testing.TestRunner@3cd3e762]" started-at="2025-06-15T18:18:19 IST" name="filterByMetalBenches" finished-at="2025-06-15T18:18:23 IST" duration-ms="4410" status="PASS">
          <reporter-output>
          </reporter-output>
        </test-method> <!-- filterByMetalBenches -->
        <test-method signature="validateMetalBenches()[pri:5, instance:com.pepperfry.pom_testing.TestRunner@3cd3e762]" started-at="2025-06-15T18:18:23 IST" name="validateMetalBenches" finished-at="2025-06-15T18:18:29 IST" duration-ms="5398" status="PASS">
          <reporter-output>
          </reporter-output>
        </test-method> <!-- validateMetalBenches -->
        <test-method is-config="true" signature="tearDown()[pri:0, instance:com.pepperfry.pom_testing.TestRunner@3cd3e762]" started-at="2025-06-15T18:18:29 IST" name="tearDown" finished-at="2025-06-15T18:18:29 IST" duration-ms="23" status="FAIL">
          <exception class="org.openqa.selenium.WebDriverException">
            <message>
              <![CDATA[java.io.IOException: Output closed
Build info: version: '4.33.0', revision: '2c6aaad03a'
System info: os.name: 'Windows 11', os.arch: 'amd64', os.version: '10.0', java.version: '21.0.5'
Driver info: driver.version: ChromiumDriver]]>
            </message>
            <full-stacktrace>
              <![CDATA[org.openqa.selenium.WebDriverException: java.io.IOException: Output closed
Build info: version: '4.33.0', revision: '2c6aaad03a'
System info: os.name: 'Windows 11', os.arch: 'amd64', os.version: '10.0', java.version: '21.0.5'
Driver info: driver.version: ChromiumDriver
at org.openqa.selenium.remote.http.jdk.JdkHttpClient$4.send(JdkHttpClient.java:325)
at org.openqa.selenium.remote.http.jdk.JdkHttpClient$4.close(JdkHttpClient.java:344)
at org.openqa.selenium.devtools.Connection.close(Connection.java:226)
at org.openqa.selenium.devtools.DevTools.close(DevTools.java:61)
at java.base/java.util.Optional.ifPresent(Optional.java:178)
at org.openqa.selenium.remote.RemoteWebDriver.quit(RemoteWebDriver.java:438)
at org.openqa.selenium.chromium.ChromiumDriver.quit(ChromiumDriver.java:442)
at com.pepperfry.base.DriverFactory.quitDriver(DriverFactory.java:33)
at com.pepperfry.base.BaseTest.tearDown(BaseTest.java:28)
at java.base/jdk.internal.reflect.DirectMethodHandleAccessor.invoke(DirectMethodHandleAccessor.java:103)
at java.base/java.lang.reflect.Method.invoke(Method.java:580)
at org.testng.internal.invokers.MethodInvocationHelper.invokeMethod(MethodInvocationHelper.java:141)
at org.testng.internal.invokers.MethodInvocationHelper.invokeMethodConsideringTimeout(MethodInvocationHelper.java:71)
at org.testng.internal.invokers.ConfigInvoker.invokeConfigurationMethod(ConfigInvoker.java:400)
at org.testng.internal.invokers.ConfigInvoker.invokeConfigurations(ConfigInvoker.java:333)
at org.testng.internal.invokers.TestMethodWorker.invokeAfterClassConfigurations(TestMethodWorker.java:238)
at org.testng.internal.invokers.TestMethodWorker.invokeAfterClassMethods(TestMethodWorker.java:223)
at org.testng.internal.invokers.TestMethodWorker.run(TestMethodWorker.java:137)
at java.base/java.util.ArrayList.forEach(ArrayList.java:1596)
at org.testng.TestRunner.privateRun(TestRunner.java:741)
at org.testng.TestRunner.run(TestRunner.java:616)
at org.testng.SuiteRunner.runTest(SuiteRunner.java:421)
at org.testng.SuiteRunner$SuiteWorker.run(SuiteRunner.java:463)
at org.testng.internal.thread.ThreadUtil.lambda$execute$0(ThreadUtil.java:64)
at java.base/java.util.concurrent.FutureTask.run(FutureTask.java:317)
at java.base/java.util.concurrent.ThreadPoolExecutor.runWorker(ThreadPoolExecutor.java:1144)
at java.base/java.util.concurrent.ThreadPoolExecutor$Worker.run(ThreadPoolExecutor.java:642)
at java.base/java.lang.Thread.run(Thread.java:1583)
Caused by: java.io.IOException: Output closed
at java.net.http/jdk.internal.net.http.websocket.WebSocketImpl.sendClose(WebSocketImpl.java:313)
at org.openqa.selenium.remote.http.jdk.JdkHttpClient$4.lambda$send$2(JdkHttpClient.java:290)
at org.openqa.selenium.remote.http.jdk.JdkHttpClient$4.send(JdkHttpClient.java:315)
... 27 more
]]>
            </full-stacktrace>
          </exception> <!-- org.openqa.selenium.WebDriverException -->
          <reporter-output>
          </reporter-output>
        </test-method> <!-- tearDown -->
      </class> <!-- com.pepperfry.pom_testing.TestRunner -->
    </test> <!-- Pepperfry Functional Tests - Chrome Browser -->
    <test started-at="2025-06-15T18:17:58 IST" name="Pepperfry Functional Tests - Edge Browser" finished-at="2025-06-15T18:18:35 IST" duration-ms="36907">
      <class name="com.pepperfry.pom_testing.TestRunner">
        <test-method is-config="true" signature="setUp(java.lang.String)[pri:0, instance:com.pepperfry.pom_testing.TestRunner@bccb269]" started-at="2025-06-15T18:17:58 IST" name="setUp" finished-at="2025-06-15T18:18:17 IST" duration-ms="19018" status="PASS">
          <params>
            <param index="0">
              <value>
                <![CDATA[edge]]>
              </value>
            </param>
          </params>
          <reporter-output>
          </reporter-output>
        </test-method> <!-- setUp -->
        <test-method signature="validateTitle()[pri:1, instance:com.pepperfry.pom_testing.TestRunner@bccb269]" started-at="2025-06-15T18:18:17 IST" name="validateTitle" finished-at="2025-06-15T18:18:18 IST" duration-ms="628" status="PASS">
          <reporter-output>
          </reporter-output>
        </test-method> <!-- validateTitle -->
        <test-method signature="navigateToSetteesAndBenches()[pri:2, instance:com.pepperfry.pom_testing.TestRunner@bccb269]" started-at="2025-06-15T18:18:18 IST" name="navigateToSetteesAndBenches" finished-at="2025-06-15T18:18:20 IST" duration-ms="1817" status="PASS">
          <reporter-output>
          </reporter-output>
        </test-method> <!-- navigateToSetteesAndBenches -->
        <test-method signature="displayFurnitureTypes()[pri:3, instance:com.pepperfry.pom_testing.TestRunner@bccb269]" started-at="2025-06-15T18:18:20 IST" name="displayFurnitureTypes" finished-at="2025-06-15T18:18:22 IST" duration-ms="1906" status="PASS">
          <reporter-output>
          </reporter-output>
        </test-method> <!-- displayFurnitureTypes -->
        <test-method signature="filterByMetalBenches()[pri:4, instance:com.pepperfry.pom_testing.TestRunner@bccb269]" started-at="2025-06-15T18:18:22 IST" name="filterByMetalBenches" finished-at="2025-06-15T18:18:25 IST" duration-ms="3499" status="PASS">
          <reporter-output>
          </reporter-output>
        </test-method> <!-- filterByMetalBenches -->
        <test-method signature="validateMetalBenches()[pri:5, instance:com.pepperfry.pom_testing.TestRunner@bccb269]" started-at="2025-06-15T18:18:25 IST" name="validateMetalBenches" finished-at="2025-06-15T18:18:29 IST" duration-ms="3481" status="PASS">
          <reporter-output>
          </reporter-output>
        </test-method> <!-- validateMetalBenches -->
        <test-method is-config="true" signature="tearDown()[pri:0, instance:com.pepperfry.pom_testing.TestRunner@bccb269]" started-at="2025-06-15T18:18:29 IST" name="tearDown" finished-at="2025-06-15T18:18:35 IST" duration-ms="6475" status="FAIL">
          <exception class="java.lang.NullPointerException">
            <message>
              <![CDATA[Cannot invoke "java.lang.Integer.intValue()" because the return value of "org.openqa.selenium.remote.Response.getStatus()" is null]]>
            </message>
            <full-stacktrace>
              <![CDATA[java.lang.NullPointerException: Cannot invoke "java.lang.Integer.intValue()" because the return value of "org.openqa.selenium.remote.Response.getStatus()" is null
at org.openqa.selenium.remote.ErrorHandler.throwIfResponseFailed(ErrorHandler.java:99)
at org.openqa.selenium.remote.RemoteWebDriver.execute(RemoteWebDriver.java:597)
at org.openqa.selenium.remote.RemoteWebDriver.execute(RemoteWebDriver.java:617)
at org.openqa.selenium.remote.RemoteWebDriver.execute(RemoteWebDriver.java:621)
at org.openqa.selenium.remote.RemoteWebDriver.quit(RemoteWebDriver.java:445)
at org.openqa.selenium.chromium.ChromiumDriver.quit(ChromiumDriver.java:442)
at com.pepperfry.base.DriverFactory.quitDriver(DriverFactory.java:33)
at com.pepperfry.base.BaseTest.tearDown(BaseTest.java:28)
at java.base/jdk.internal.reflect.DirectMethodHandleAccessor.invoke(DirectMethodHandleAccessor.java:103)
at java.base/java.lang.reflect.Method.invoke(Method.java:580)
at org.testng.internal.invokers.MethodInvocationHelper.invokeMethod(MethodInvocationHelper.java:141)
at org.testng.internal.invokers.MethodInvocationHelper.invokeMethodConsideringTimeout(MethodInvocationHelper.java:71)
at org.testng.internal.invokers.ConfigInvoker.invokeConfigurationMethod(ConfigInvoker.java:400)
at org.testng.internal.invokers.ConfigInvoker.invokeConfigurations(ConfigInvoker.java:333)
at org.testng.internal.invokers.TestMethodWorker.invokeAfterClassConfigurations(TestMethodWorker.java:238)
at org.testng.internal.invokers.TestMethodWorker.invokeAfterClassMethods(TestMethodWorker.java:223)
at org.testng.internal.invokers.TestMethodWorker.run(TestMethodWorker.java:137)
at java.base/java.util.ArrayList.forEach(ArrayList.java:1596)
at org.testng.TestRunner.privateRun(TestRunner.java:741)
at org.testng.TestRunner.run(TestRunner.java:616)
at org.testng.SuiteRunner.runTest(SuiteRunner.java:421)
at org.testng.SuiteRunner$SuiteWorker.run(SuiteRunner.java:463)
at org.testng.internal.thread.ThreadUtil.lambda$execute$0(ThreadUtil.java:64)
at java.base/java.util.concurrent.FutureTask.run(FutureTask.java:317)
at java.base/java.util.concurrent.ThreadPoolExecutor.runWorker(ThreadPoolExecutor.java:1144)
at java.base/java.util.concurrent.ThreadPoolExecutor$Worker.run(ThreadPoolExecutor.java:642)
at java.base/java.lang.Thread.run(Thread.java:1583)
]]>
            </full-stacktrace>
          </exception> <!-- java.lang.NullPointerException -->
          <reporter-output>
          </reporter-output>
        </test-method> <!-- tearDown -->
      </class> <!-- com.pepperfry.pom_testing.TestRunner -->
    </test> <!-- Pepperfry Functional Tests - Edge Browser -->
  </suite> <!-- Pepperfry Test Suite -->
</testng-results>
